
2026-02-28T19:08:14+03:00 [INFO] User logged out

2026-02-28T19:08:14+03:00 [DEBUG] File uploaded

2026-02-28T19:08:14+03:00 [INFO] Database connection established

2026-02-28T19:08:14+03:00 [ERROR] Invalid input received

2026-02-28T19:08:14+03:00 [INFO] File uploaded

2026-02-28T19:08:14+03:00 [DEBUG] Invalid input received

2026-02-28T19:08:14+03:00 [INFO] File uploaded

2026-02-28T19:08:15+03:00 [DEBUG] Invalid input received

2026-02-28T19:08:15+03:00 [INFO] Database connection established

2026-02-28T19:08:15+03:00 [DEBUG] File uploaded

2026-02-28T19:08:15+03:00 [ERROR] Invalid input received

2026-02-28T19:08:15+03:00 [ERROR] User logged in

2026-02-28T19:08:15+03:00 [DEBUG] User logged in

2026-02-28T19:08:15+03:00 [DEBUG] Invalid input received

2026-02-28T19:08:15+03:00 [INFO] User logged in

2026-02-28T19:08:15+03:00 [DEBUG] File uploaded

2026-02-28T19:08:16+03:00 [ERROR] Error processing request

2026-02-28T19:08:16+03:00 [INFO] User logged out

2026-02-28T19:08:16+03:00 [DEBUG] File uploaded

2026-02-28T19:08:16+03:00 [INFO] User logged in

2026-02-28T19:08:16+03:00 [INFO] Invalid input received

2026-02-28T19:08:16+03:00 [DEBUG] Database connection established

2026-02-28T19:08:16+03:00 [ERROR] User logged out

2026-02-28T19:08:16+03:00 [INFO] Database connection established

2026-02-28T19:08:16+03:00 [ERROR] Invalid input received

2026-02-28T19:08:16+03:00 [ERROR] Invalid input received

2026-02-28T19:08:17+03:00 [ERROR] User logged in

2026-02-28T19:08:17+03:00 [ERROR] File uploaded

2026-02-28T19:08:17+03:00 [INFO] Invalid input received

2026-02-28T19:08:17+03:00 [ERROR] User logged in

2026-02-28T19:08:17+03:00 [DEBUG] Invalid input received

2026-02-28T19:08:17+03:00 [ERROR] Database connection established

2026-02-28T19:08:17+03:00 [ERROR] File uploaded

2026-02-28T19:08:17+03:00 [INFO] File uploaded

2026-02-28T19:08:17+03:00 [INFO] Invalid input received

2026-02-28T19:08:17+03:00 [DEBUG] Invalid input received

2026-02-28T19:08:18+03:00 [ERROR] File uploaded

2026-02-28T19:08:18+03:00 [DEBUG] File uploaded

2026-02-28T19:08:18+03:00 [INFO] Database connection established

2026-02-28T19:08:18+03:00 [DEBUG] Database connection established

2026-02-28T19:08:18+03:00 [DEBUG] User logged out

2026-02-28T19:08:18+03:00 [DEBUG] Invalid input received

2026-02-28T19:08:18+03:00 [ERROR] Error processing request

2026-02-28T19:08:18+03:00 [DEBUG] Error processing request

2026-02-28T19:08:18+03:00 [ERROR] User logged out

2026-02-28T19:08:18+03:00 [DEBUG] File uploaded

2026-02-28T19:08:19+03:00 [ERROR] File uploaded

2026-02-28T19:08:19+03:00 [DEBUG] Error processing request

2026-02-28T19:08:19+03:00 [DEBUG] File uploaded

2026-02-28T19:08:19+03:00 [ERROR] File uploaded

2026-02-28T19:08:19+03:00 [ERROR] File uploaded

2026-02-28T19:08:19+03:00 [INFO] Error processing request

2026-02-28T19:08:19+03:00 [INFO] Error processing request

2026-02-28T19:08:19+03:00 [INFO] User logged in

2026-02-28T19:08:19+03:00 [DEBUG] Invalid input received

2026-02-28T19:08:19+03:00 [INFO] Error processing request

2026-02-28T19:08:20+03:00 [INFO] Database connection established

2026-02-28T19:08:20+03:00 [DEBUG] User logged in

2026-02-28T19:08:20+03:00 [ERROR] Database connection established

2026-02-28T19:08:20+03:00 [DEBUG] User logged out

2026-02-28T19:08:20+03:00 [INFO] User logged in

2026-02-28T19:08:20+03:00 [DEBUG] File uploaded

2026-02-28T19:08:20+03:00 [DEBUG] Invalid input received

2026-02-28T19:08:20+03:00 [DEBUG] User logged out

2026-02-28T19:08:20+03:00 [ERROR] User logged out

2026-02-28T19:08:20+03:00 [INFO] Database connection established

2026-02-28T19:08:21+03:00 [DEBUG] Database connection established

2026-02-28T19:08:21+03:00 [DEBUG] File uploaded

2026-02-28T19:08:21+03:00 [INFO] User logged out

2026-02-28T19:08:21+03:00 [DEBUG] Database connection established

2026-02-28T19:08:21+03:00 [INFO] User logged out

2026-02-28T19:08:21+03:00 [ERROR] File uploaded

2026-02-28T19:08:21+03:00 [DEBUG] Invalid input received

2026-02-28T19:08:21+03:00 [DEBUG] Database connection established

2026-02-28T19:08:21+03:00 [INFO] File uploaded

2026-02-28T19:08:21+03:00 [INFO] User logged in

2026-02-28T19:08:22+03:00 [INFO] Invalid input received

2026-02-28T19:08:22+03:00 [DEBUG] Database connection established

2026-02-28T19:08:22+03:00 [INFO] Database connection established

2026-02-28T19:08:22+03:00 [ERROR] Invalid input received

2026-02-28T19:08:22+03:00 [INFO] Invalid input received

2026-02-28T19:08:22+03:00 [INFO] User logged in

2026-02-28T19:08:22+03:00 [DEBUG] Invalid input received

2026-02-28T19:08:22+03:00 [DEBUG] User logged out

2026-02-28T19:08:22+03:00 [INFO] Invalid input received

2026-02-28T19:08:22+03:00 [ERROR] File uploaded

2026-02-28T19:08:23+03:00 [INFO] Invalid input received

2026-02-28T19:08:23+03:00 [INFO] User logged out

2026-02-28T19:08:23+03:00 [INFO] Database connection established

2026-02-28T19:08:23+03:00 [DEBUG] File uploaded

2026-02-28T19:08:23+03:00 [ERROR] User logged in

2026-02-28T19:08:23+03:00 [DEBUG] Invalid input received

2026-02-28T19:08:23+03:00 [INFO] User logged in

2026-02-28T19:08:23+03:00 [DEBUG] User logged out

2026-02-28T19:08:23+03:00 [DEBUG] Database connection established

2026-02-28T19:08:24+03:00 [DEBUG] User logged out

2026-02-28T19:08:24+03:00 [INFO] Database connection established

2026-02-28T19:08:24+03:00 [INFO] User logged in

2026-02-28T19:08:24+03:00 [ERROR] User logged in

2026-02-28T19:08:24+03:00 [INFO] User logged out

